2023-10-08 22:49:25,056 - =========================================================
2023-10-08 22:49:25,061 - Start new run in C:\Users\leixi\Downloads\meshgraphnets-main\output\flag_simple\Sun-Oct--8-22-49-25-2023\1
2023-10-08 22:49:25,061 - =========================================================
2023-10-08 22:49:25,062 - Program started at time Sun Oct  8 22:49:25 2023
2023-10-08 22:49:25,062 - Start training......
2023-10-08 22:49:27,095 - 
2023-10-08 22:49:27,096 - =======================Run Summary=======================
2023-10-08 22:49:27,096 - Simulation task is cloth simulation
2023-10-08 22:49:27,096 - Mode is all
2023-10-08 22:49:27,096 - Evaluation set is valid
2023-10-08 22:49:27,097 - Train and/or evaluation configuration are 2 epochs, 2 trajectories each epoch, number of rollouts is 1
2023-10-08 22:49:27,097 - Core model is encode_process_decode
2023-10-08 22:49:27,097 - Message passing aggregator is sum
2023-10-08 22:49:27,097 - Message passing steps are 5
2023-10-08 22:49:27,097 - Attention used is False
2023-10-08 22:49:27,097 - Ripple used is False
2023-10-08 22:49:27,098 - Run output directory is C:\Users\leixi\Downloads\meshgraphnets-main\output\flag_simple\Sun-Oct--8-22-49-25-2023\1
2023-10-08 22:49:27,098 - =========================================================
2023-10-08 22:49:27,098 - 
2023-10-08 22:49:27,103 - Epoch 1/2
2023-10-08 22:49:27,103 - Training with 1 GPUs
2023-10-08 22:49:27,103 -     trajectory index 1/2
