2023-10-08 20:11:42,131 - =========================================================
2023-10-08 20:11:42,131 - Start new run in C:\Users\leixi\Downloads\meshgraphnets-main\output\flag_simple\Sun-Oct--8-20-11-42-2023\1
2023-10-08 20:11:42,131 - =========================================================
2023-10-08 20:11:42,131 - Program started at time Sun Oct  8 20:11:42 2023
2023-10-08 20:11:42,131 - Start training......
2023-10-08 20:11:42,384 - 
2023-10-08 20:11:42,384 - =======================Run Summary=======================
2023-10-08 20:11:42,399 - Simulation task is cloth simulation
2023-10-08 20:11:42,399 - Mode is all
2023-10-08 20:11:42,399 - Evaluation set is valid
2023-10-08 20:11:42,399 - Train and/or evaluation configuration are 2 epochs, 2 trajectories each epoch, number of rollouts is 1
2023-10-08 20:11:42,399 - Core model is encode_process_decode
2023-10-08 20:11:42,399 - Message passing aggregator is sum
2023-10-08 20:11:42,399 - Message passing steps are 5
2023-10-08 20:11:42,399 - Attention used is False
2023-10-08 20:11:42,399 - Ripple used is False
2023-10-08 20:11:42,399 - Run output directory is C:\Users\leixi\Downloads\meshgraphnets-main\output\flag_simple\Sun-Oct--8-20-11-42-2023\1
2023-10-08 20:11:42,399 - =========================================================
2023-10-08 20:11:42,399 - 
2023-10-08 20:11:42,399 - Epoch 1/2
2023-10-08 20:11:42,399 - Training with 1 GPUs
2023-10-08 20:11:42,399 -     trajectory index 1/2
