2023-10-08 12:21:52,193 - =========================================================
2023-10-08 12:21:52,193 - Start new run in C:\Users\leixi\Downloads\meshgraphnets-main\output\flag_simple\Sun-Oct--8-12-21-52-2023\1
2023-10-08 12:21:52,193 - =========================================================
2023-10-08 12:21:52,194 - Program started at time Sun Oct  8 12:21:52 2023
2023-10-08 12:21:52,194 - Start training......
2023-10-08 12:21:52,980 - 
2023-10-08 12:21:52,980 - =======================Run Summary=======================
2023-10-08 12:21:52,982 - Simulation task is deform simulation
2023-10-08 12:21:52,982 - Mode is all
2023-10-08 12:21:52,982 - Evaluation set is valid
2023-10-08 12:21:52,982 - Train and/or evaluation configuration are 2 epochs, 2 trajectories each epoch, number of rollouts is 1
2023-10-08 12:21:52,982 - Core model is encode_process_decode
2023-10-08 12:21:52,982 - Message passing aggregator is sum
2023-10-08 12:21:52,982 - Message passing steps are 5
2023-10-08 12:21:52,982 - Attention used is False
2023-10-08 12:21:52,982 - Ripple used is False
2023-10-08 12:21:52,982 - Run output directory is C:\Users\leixi\Downloads\meshgraphnets-main\output\flag_simple\Sun-Oct--8-12-21-52-2023\1
2023-10-08 12:21:52,982 - =========================================================
2023-10-08 12:21:52,982 - 
2023-10-08 12:21:52,983 - Epoch 1/2
2023-10-08 12:21:52,983 - Training with 1 GPUs
2023-10-08 12:21:52,984 -     trajectory index 1/2
