2023-10-08 20:39:40,274 - =========================================================
2023-10-08 20:39:40,274 - Start new run in C:\Users\leixi\Downloads\meshgraphnets-main\output\flag_simple\Sun-Oct--8-20-39-40-2023\1
2023-10-08 20:39:40,274 - =========================================================
2023-10-08 20:39:40,274 - Program started at time Sun Oct  8 20:39:40 2023
2023-10-08 20:39:40,274 - Start training......
2023-10-08 20:39:40,397 - 
2023-10-08 20:39:40,397 - =======================Run Summary=======================
2023-10-08 20:39:40,408 - Simulation task is cloth simulation
2023-10-08 20:39:40,408 - Mode is all
2023-10-08 20:39:40,408 - Evaluation set is valid
2023-10-08 20:39:40,408 - Train and/or evaluation configuration are 2 epochs, 2 trajectories each epoch, number of rollouts is 1
2023-10-08 20:39:40,408 - Core model is encode_process_decode
2023-10-08 20:39:40,408 - Message passing aggregator is sum
2023-10-08 20:39:40,408 - Message passing steps are 5
2023-10-08 20:39:40,408 - Attention used is False
2023-10-08 20:39:40,408 - Ripple used is False
2023-10-08 20:39:40,408 - Run output directory is C:\Users\leixi\Downloads\meshgraphnets-main\output\flag_simple\Sun-Oct--8-20-39-40-2023\1
2023-10-08 20:39:40,408 - =========================================================
2023-10-08 20:39:40,408 - 
2023-10-08 20:39:40,409 - Epoch 1/2
2023-10-08 20:39:40,410 - Training with 1 GPUs
2023-10-08 20:39:40,410 -     trajectory index 1/2
