2023-10-08 22:00:16,257 - =========================================================
2023-10-08 22:00:16,257 - Start new run in C:\Users\leixi\Downloads\meshgraphnets-main\output\flag_simple\Sun-Oct--8-22-00-16-2023\1
2023-10-08 22:00:16,257 - =========================================================
2023-10-08 22:00:16,257 - Program started at time Sun Oct  8 22:00:16 2023
2023-10-08 22:00:16,257 - Start training......
2023-10-08 22:00:16,503 - 
2023-10-08 22:00:16,519 - =======================Run Summary=======================
2023-10-08 22:00:16,520 - Simulation task is cloth simulation
2023-10-08 22:00:16,520 - Mode is all
2023-10-08 22:00:16,521 - Evaluation set is valid
2023-10-08 22:00:16,521 - Train and/or evaluation configuration are 2 epochs, 2 trajectories each epoch, number of rollouts is 1
2023-10-08 22:00:16,521 - Core model is encode_process_decode
2023-10-08 22:00:16,521 - Message passing aggregator is sum
2023-10-08 22:00:16,521 - Message passing steps are 5
2023-10-08 22:00:16,521 - Attention used is False
2023-10-08 22:00:16,521 - Ripple used is False
2023-10-08 22:00:16,521 - Run output directory is C:\Users\leixi\Downloads\meshgraphnets-main\output\flag_simple\Sun-Oct--8-22-00-16-2023\1
2023-10-08 22:00:16,521 - =========================================================
2023-10-08 22:00:16,522 - 
2023-10-08 22:00:16,522 - Epoch 1/2
2023-10-08 22:00:16,523 - Training with 1 GPUs
2023-10-08 22:00:16,523 -     trajectory index 1/2
