2023-10-08 22:07:21,158 - =========================================================
2023-10-08 22:07:21,158 - Start new run in C:\Users\leixi\Downloads\meshgraphnets-main\output\flag_simple\Sun-Oct--8-22-07-21-2023\1
2023-10-08 22:07:21,158 - =========================================================
2023-10-08 22:07:21,158 - Program started at time Sun Oct  8 22:07:21 2023
2023-10-08 22:07:21,158 - Start training......
2023-10-08 22:07:21,293 - 
2023-10-08 22:07:21,293 - =======================Run Summary=======================
2023-10-08 22:07:21,298 - Simulation task is cloth simulation
2023-10-08 22:07:21,298 - Mode is all
2023-10-08 22:07:21,298 - Evaluation set is valid
2023-10-08 22:07:21,299 - Train and/or evaluation configuration are 2 epochs, 2 trajectories each epoch, number of rollouts is 1
2023-10-08 22:07:21,299 - Core model is encode_process_decode
2023-10-08 22:07:21,299 - Message passing aggregator is sum
2023-10-08 22:07:21,299 - Message passing steps are 5
2023-10-08 22:07:21,299 - Attention used is False
2023-10-08 22:07:21,299 - Ripple used is False
2023-10-08 22:07:21,299 - Run output directory is C:\Users\leixi\Downloads\meshgraphnets-main\output\flag_simple\Sun-Oct--8-22-07-21-2023\1
2023-10-08 22:07:21,299 - =========================================================
2023-10-08 22:07:21,299 - 
2023-10-08 22:07:21,300 - Epoch 1/2
2023-10-08 22:07:21,301 - Training with 1 GPUs
2023-10-08 22:07:21,301 -     trajectory index 1/2
