2023-10-08 21:45:52,825 - =========================================================
2023-10-08 21:45:52,825 - Start new run in C:\Users\leixi\Downloads\meshgraphnets-main\output\flag_simple\Sun-Oct--8-21-45-52-2023\1
2023-10-08 21:45:52,825 - =========================================================
2023-10-08 21:45:52,825 - Program started at time Sun Oct  8 21:45:52 2023
2023-10-08 21:45:52,825 - Start training......
2023-10-08 21:45:53,084 - 
2023-10-08 21:45:53,084 - =======================Run Summary=======================
2023-10-08 21:45:53,095 - Simulation task is cloth simulation
2023-10-08 21:45:53,095 - Mode is all
2023-10-08 21:45:53,095 - Evaluation set is valid
2023-10-08 21:45:53,096 - Train and/or evaluation configuration are 2 epochs, 2 trajectories each epoch, number of rollouts is 1
2023-10-08 21:45:53,096 - Core model is encode_process_decode
2023-10-08 21:45:53,096 - Message passing aggregator is sum
2023-10-08 21:45:53,096 - Message passing steps are 5
2023-10-08 21:45:53,096 - Attention used is False
2023-10-08 21:45:53,096 - Ripple used is False
2023-10-08 21:45:53,096 - Run output directory is C:\Users\leixi\Downloads\meshgraphnets-main\output\flag_simple\Sun-Oct--8-21-45-52-2023\1
2023-10-08 21:45:53,096 - =========================================================
2023-10-08 21:45:53,096 - 
2023-10-08 21:45:53,097 - Epoch 1/2
2023-10-08 21:45:53,097 - Training with 1 GPUs
2023-10-08 21:45:53,097 -     trajectory index 1/2
