2023-10-08 20:40:49,523 - =========================================================
2023-10-08 20:40:49,523 - Start new run in C:\Users\leixi\Downloads\meshgraphnets-main\output\flag_simple\Sun-Oct--8-20-40-49-2023\1
2023-10-08 20:40:49,523 - =========================================================
2023-10-08 20:40:49,523 - Program started at time Sun Oct  8 20:40:49 2023
2023-10-08 20:40:49,523 - Start training......
2023-10-08 20:40:49,708 - 
2023-10-08 20:40:49,708 - =======================Run Summary=======================
2023-10-08 20:40:49,717 - Simulation task is cloth simulation
2023-10-08 20:40:49,717 - Mode is all
2023-10-08 20:40:49,717 - Evaluation set is valid
2023-10-08 20:40:49,717 - Train and/or evaluation configuration are 2 epochs, 2 trajectories each epoch, number of rollouts is 1
2023-10-08 20:40:49,717 - Core model is encode_process_decode
2023-10-08 20:40:49,717 - Message passing aggregator is sum
2023-10-08 20:40:49,717 - Message passing steps are 5
2023-10-08 20:40:49,718 - Attention used is False
2023-10-08 20:40:49,718 - Ripple used is False
2023-10-08 20:40:49,718 - Run output directory is C:\Users\leixi\Downloads\meshgraphnets-main\output\flag_simple\Sun-Oct--8-20-40-49-2023\1
2023-10-08 20:40:49,718 - =========================================================
2023-10-08 20:40:49,718 - 
2023-10-08 20:40:49,719 - Epoch 1/2
2023-10-08 20:40:49,719 - Training with 1 GPUs
2023-10-08 20:40:49,720 -     trajectory index 1/2
