2023-10-08 00:11:57,678 - =========================================================
2023-10-08 00:11:57,678 - Start new run in C:\Users\leixi\Downloads\meshgraphnets-main\output\deforming_plate\Sun-Oct--8-00-11-57-2023\1
2023-10-08 00:11:57,678 - =========================================================
2023-10-08 00:11:57,679 - Program started at time Sun Oct  8 00:11:57 2023
2023-10-08 00:11:57,679 - Start training......
2023-10-08 00:11:57,922 - 
2023-10-08 00:11:57,923 - =======================Run Summary=======================
2023-10-08 00:11:57,924 - Simulation task is deform simulation
2023-10-08 00:11:57,924 - Mode is all
2023-10-08 00:11:57,924 - Evaluation set is valid
2023-10-08 00:11:57,925 - Train and/or evaluation configuration are 2 epochs, 2 trajectories each epoch, number of rollouts is 1
2023-10-08 00:11:57,925 - Core model is encode_process_decode
2023-10-08 00:11:57,925 - Message passing aggregator is sum
2023-10-08 00:11:57,925 - Message passing steps are 5
2023-10-08 00:11:57,925 - Attention used is False
2023-10-08 00:11:57,925 - Ripple used is False
2023-10-08 00:11:57,925 - Run output directory is C:\Users\leixi\Downloads\meshgraphnets-main\output\deforming_plate\Sun-Oct--8-00-11-57-2023\1
2023-10-08 00:11:57,925 - =========================================================
2023-10-08 00:11:57,925 - 
2023-10-08 00:11:57,926 - Epoch 1/2
2023-10-08 00:11:57,926 - Training with 1 GPUs
2023-10-08 00:11:57,927 -     trajectory index 1/2
