2023-10-08 21:38:41,277 - =========================================================
2023-10-08 21:38:41,277 - Start new run in C:\Users\leixi\Downloads\meshgraphnets-main\output\flag_simple\Sun-Oct--8-21-38-41-2023\1
2023-10-08 21:38:41,277 - =========================================================
2023-10-08 21:38:41,277 - Program started at time Sun Oct  8 21:38:41 2023
2023-10-08 21:38:41,277 - Start training......
2023-10-08 21:38:41,437 - 
2023-10-08 21:38:41,437 - =======================Run Summary=======================
2023-10-08 21:38:41,447 - Simulation task is cloth simulation
2023-10-08 21:38:41,448 - Mode is all
2023-10-08 21:38:41,448 - Evaluation set is valid
2023-10-08 21:38:41,448 - Train and/or evaluation configuration are 2 epochs, 2 trajectories each epoch, number of rollouts is 1
2023-10-08 21:38:41,448 - Core model is encode_process_decode
2023-10-08 21:38:41,448 - Message passing aggregator is sum
2023-10-08 21:38:41,448 - Message passing steps are 5
2023-10-08 21:38:41,448 - Attention used is False
2023-10-08 21:38:41,448 - Ripple used is False
2023-10-08 21:38:41,448 - Run output directory is C:\Users\leixi\Downloads\meshgraphnets-main\output\flag_simple\Sun-Oct--8-21-38-41-2023\1
2023-10-08 21:38:41,448 - =========================================================
2023-10-08 21:38:41,448 - 
2023-10-08 21:38:41,449 - Epoch 1/2
